<?xml version="1.0" encoding="UTF-8"?>
<!-- Generated by org.testng.reporters.JUnitReportReporter -->
<testsuite hostname="Computer" failures="0" tests="1" name="com.p2e.Runner.P2E_FirstClass" time="176.733" errors="0" timestamp="2025-03-01T01:53:26 IST" skipped="0">
  <testcase classname="com.p2e.Runner.P2E_FirstClass" name="otpBalanace" time="176.733"/>
</testsuite> <!-- com.p2e.Runner.P2E_FirstClass -->
