<?xml version="1.0" encoding="UTF-8"?>
<!-- Generated by org.testng.reporters.JUnitReportReporter -->
<testsuite hostname="Computer" failures="0" tests="1" name="com.p2e.testScript.LoginTestScript" time="88.727" errors="0" timestamp="2025-01-30T18:41:40 IST" skipped="0">
  <testcase classname="com.p2e.testScript.LoginTestScript" name="verifyNau_002_P2ELoginPage" time="88.727"/>
</testsuite> <!-- com.p2e.testScript.LoginTestScript -->
