<?xml version="1.0" encoding="UTF-8"?>
<!-- Generated by org.testng.reporters.JUnitReportReporter -->
<testsuite hostname="Computer" failures="0" tests="4" name="com.P2E.nameAndGenderType.test" time="0.031" errors="0" timestamp="2025-02-13T00:44:04 IST" skipped="0">
  <testcase classname="com.P2E.nameAndGenderType.test" name="testingName1" time="0.005"/>
  <testcase classname="com.P2E.nameAndGenderType.test" name="testingName3" time="0.006"/>
  <testcase classname="com.P2E.nameAndGenderType.test" name="testingName2" time="0.003"/>
  <testcase classname="com.P2E.nameAndGenderType.test" name="programe" time="0.017"/>
</testsuite> <!-- com.P2E.nameAndGenderType.test -->
