<?xml version="1.0" encoding="UTF-8"?>
<!-- Generated by org.testng.reporters.JUnitReportReporter -->
<testsuite hostname="Computer" failures="0" tests="1" name="com.p2e.Runner.P2E_FirstClass" time="183.052" errors="0" timestamp="2025-02-27T17:10:55 IST" skipped="0">
  <testcase classname="com.p2e.Runner.P2E_FirstClass" name="otpBalanace" time="183.052"/>
</testsuite> <!-- com.p2e.Runner.P2E_FirstClass -->
