<?xml version="1.0" encoding="UTF-8"?>
<!-- Generated by org.testng.reporters.JUnitReportReporter -->
<testsuite hostname="Computer" failures="0" tests="1" name="FlashOtpIDBalamce" time="0.025" errors="0" timestamp="2025-01-13T06:19:45 IST" skipped="0">
  <testcase classname="FlashOtpIDBalamce" name="f" time="0.025"/>
</testsuite> <!-- FlashOtpIDBalamce -->
